


ARM Macro Assembler    Page 1 


    1 00000000                 AREA             |.text|,CODE,READONLY,ALIGN=2
    2 00000000                 THUMB
    3 00000000                 PRESERVE8
    4 00000000                 EXTERN           current_tcb
    5 00000000                 EXPORT           PendSV_Handler
    6 00000000                 EXPORT           osscehdulerlaunch
    7 00000000                 EXTERN           system_tick
    8 00000000                 EXTERN           osschedular
    9 00000000         
   10 00000000         PendSV_Handler                       ;save r0 r1 r2 r3 r
                                                            12 lr pc psr automa
                                                            tically
   11 00000000 B672            CPSID            I
   12 00000002 E92D 0FF0       PUSH             {R4-R11}
   13 00000006 480F            LDR              R0,=current_tcb
   14 00000008 6801            LDR              R1,[R0]
   15 0000000A F8C1 D000       STR              sp,[R1]
   16 0000000E         
   17 0000000E B501            PUSH             {R0,LR}
   18 00000010 F7FF FFFE       BL               osschedular
   19 00000014 E8BD 4001       POP              {R0,LR}
   20 00000018 6801            LDR              R1,[R0]
   21 0000001A         
   22 0000001A         ;LDR   R1,[R1,#4]  
   23 0000001A         ;STR   R1,[R0]
   24 0000001A         
   25 0000001A F8D1 D000       LDR              sp,[R1]
   26 0000001E         
   27 0000001E E8BD 0FF0       POP              {R4-R11}
   28 00000022 B662            CPSIE            I
   29 00000024 4770            BX               LR
   30 00000026         
   31 00000026         
   32 00000026         ; LDR   R0,=system_tick
   33 00000026         ; LDR   R1,[R0]
   34 00000026         ; ADD   R1,R1,#1
   35 00000026         ; STR   R1,[R0]
   36 00000026         
   37 00000026         
   38 00000026         
   39 00000026         osscehdulerlaunch
   40 00000026 4807            LDR              R0,=current_tcb
   41 00000028 6802            LDR              R2,[R0]
   42 0000002A         
   43 0000002A F8D2 D000       LDR              sp,[R2]     ;
   44 0000002E         
   45 0000002E E8BD 0FF0       POP              {R4-R11}
   46 00000032 BC0F            POP              {R0-R3}
   47 00000034 F85D CB04       POP              {R12}
   48 00000038 B001            ADD              sp,sp,#4
   49 0000003A F85D EB04       POP              {LR}
   50 0000003E B001            ADD              sp,sp,#4
   51 00000040 B662            CPSIE            I
   52 00000042 4770            BX               LR
   53 00000044                 ALIGN
   54 00000044                 END
              00000000 
Command Line: --debug --xref --diag_suppress=9931 --cpu=Cortex-M4 --apcs=interw
ork --depend=.\objects\cs.d -o.\objects\cs.o -I.\RTE\Device\STM32F401RETx -I.\R



ARM Macro Assembler    Page 2 


TE\_Target_1 -IC:\Keil_v5\ARM\PACK\ARM\CMSIS\5.6.0\CMSIS\Core\Include -IC:\Keil
_v5\ARM\PACK\Keil\MDK-Middleware\7.9.0\Board -IC:\Keil_v5\ARM\PACK\Keil\STM32F4
xx_DFP\2.14.0\Drivers\CMSIS\Device\ST\STM32F4xx\Include -IC:\Keil_v5\ARM\PACK\K
eil\STM32F4xx_DFP\2.14.0\Drivers\STM32F4xx_HAL_Driver\Inc -IC:\Keil_v5\ARM\PACK
\Keil\STM32F4xx_DFP\2.14.0\Drivers\STM32F4xx_HAL_Driver\Inc\Legacy --predefine=
"__MICROLIB SETA 1" --predefine="__UVISION_VERSION SETA 525" --predefine="_RTE_
 SETA 1" --predefine="STM32F401xE SETA 1" --list=.\listings\cs.lst kernel\cs.s



ARM Macro Assembler    Page 1 Alphabetic symbol ordering
Relocatable symbols

.text 00000000

Symbol: .text
   Definitions
      At line 1 in file kernel\cs.s
   Uses
      None
Comment: .text unused
PendSV_Handler 00000000

Symbol: PendSV_Handler
   Definitions
      At line 10 in file kernel\cs.s
   Uses
      At line 5 in file kernel\cs.s
Comment: PendSV_Handler used once
osscehdulerlaunch 00000026

Symbol: osscehdulerlaunch
   Definitions
      At line 39 in file kernel\cs.s
   Uses
      At line 6 in file kernel\cs.s
Comment: osscehdulerlaunch used once
3 symbols



ARM Macro Assembler    Page 1 Alphabetic symbol ordering
External symbols

current_tcb 00000000

Symbol: current_tcb
   Definitions
      At line 4 in file kernel\cs.s
   Uses
      At line 13 in file kernel\cs.s
      At line 40 in file kernel\cs.s

osschedular 00000000

Symbol: osschedular
   Definitions
      At line 8 in file kernel\cs.s
   Uses
      At line 18 in file kernel\cs.s
Comment: osschedular used once
system_tick 00000000

Symbol: system_tick
   Definitions
      At line 7 in file kernel\cs.s
   Uses
      None
Comment: system_tick unused
3 symbols
342 symbols in table
